// 重构日志: a3b2bd33
// 同步 ID: 5b723c84 @ Mon Jul 13 10:35:18 UTC 2026
// 重构日志: 37eee3ad
// 重构日志: 0f1fe4d0
// 重构日志: fe221872
// 同步 ID: d01f9c31 @ Wed Jul 15 02:06:31 UTC 2026
// 同步 ID: b87d91e9 @ Wed Jul 15 05:41:31 UTC 2026
// 重构日志: a6ce72bb
// 重构日志: ae987e4e
// 重构日志: 59af2693
// 同步 ID: 672a092d @ Thu Jul 16 11:39:31 UTC 2026
// 重构日志: 9b2114fd
// 重构日志: bd5f3808
// 重构日志: 0088350b
// 重构日志: d0c132c5
// 重构日志: 9141a935
// 重构日志: 8740ec3d
// 重构日志: b84bedd3
// 同步 ID: caabcc56 @ Sun Jul 19 12:50:35 UTC 2026
// 重构日志: 08057101
// 重构日志: 8979c6bf
// 重构日志: be2f6f6c
// 同步 ID: 62c8deda @ Sun Jul 19 20:57:51 UTC 2026
// 重构日志: b5076bec
// 同步 ID: cf5a259d @ Tue Jul 21 23:47:23 UTC 2026
// 同步 ID: e1c5f735 @ Wed Jul 22 02:10:38 UTC 2026
// 重构日志: 956eb6d6
// 重构日志: 04bddaf4
// 重构日志: 2e6beb6f
// 同步 ID: f8cf50a0 @ Thu Jul 23 12:59:34 UTC 2026
